{"D:\\Mohamed\\Invygo task\\NestJs\\shopping-cart\\src\\app.controller.ts": {"path":"D:\\Mohamed\\Invygo task\\NestJs\\shopping-cart\\src\\app.controller.ts","statementMap":{"0":{"start":{"line":1,"column":0},"end":{"line":1,"column":49}},"1":{"start":{"line":2,"column":0},"end":{"line":2,"column":43}},"2":{"start":{"line":5,"column":7},"end":{"line":12,"column":null}},"3":{"start":{"line":6,"column":31},"end":{"line":6,"column":43}},"4":{"start":{"line":10,"column":4},"end":{"line":10,"column":38}},"5":{"start":{"line":5,"column":13},"end":{"line":5,"column":26}},"6":{"start":{"line":9,"column":2},"end":{"line":11,"column":null}},"7":{"start":{"line":5,"column":13},"end":{"line":12,"column":null}}},"fnMap":{"0":{"name":"(anonymous_2)","decl":{"start":{"line":6,"column":2},"end":{"line":6,"column":31}},"loc":{"start":{"line":6,"column":53},"end":{"line":6,"column":57}}},"1":{"name":"(anonymous_3)","decl":{"start":{"line":9,"column":2},"end":{"line":9,"column":10}},"loc":{"start":{"line":9,"column":10},"end":{"line":11,"column":3}}}},"branchMap":{},"s":{"0":0,"1":0,"2":0,"3":0,"4":0,"5":0,"6":0,"7":0},"f":{"0":0,"1":0},"b":{}}
,"D:\\Mohamed\\Invygo task\\NestJs\\shopping-cart\\src\\app.module.ts": {"path":"D:\\Mohamed\\Invygo task\\NestJs\\shopping-cart\\src\\app.module.ts","statementMap":{"0":{"start":{"line":2,"column":0},"end":{"line":2,"column":40}},"1":{"start":{"line":3,"column":0},"end":{"line":3,"column":49}},"2":{"start":{"line":4,"column":0},"end":{"line":4,"column":43}},"3":{"start":{"line":5,"column":0},"end":{"line":5,"column":48}},"4":{"start":{"line":6,"column":0},"end":{"line":6,"column":57}},"5":{"start":{"line":7,"column":0},"end":{"line":7,"column":65}},"6":{"start":{"line":8,"column":0},"end":{"line":8,"column":56}},"7":{"start":{"line":9,"column":0},"end":{"line":9,"column":60}},"8":{"start":{"line":33,"column":7},"end":{"line":33,"column":null}},"9":{"start":{"line":33,"column":13},"end":{"line":33,"column":22}},"10":{"start":{"line":33,"column":13},"end":{"line":33,"column":null}}},"fnMap":{},"branchMap":{},"s":{"0":0,"1":0,"2":0,"3":0,"4":0,"5":0,"6":0,"7":0,"8":0,"9":0,"10":0},"f":{},"b":{}}
,"D:\\Mohamed\\Invygo task\\NestJs\\shopping-cart\\src\\app.service.ts": {"path":"D:\\Mohamed\\Invygo task\\NestJs\\shopping-cart\\src\\app.service.ts","statementMap":{"0":{"start":{"line":1,"column":0},"end":{"line":1,"column":44}},"1":{"start":{"line":4,"column":7},"end":{"line":8,"column":null}},"2":{"start":{"line":6,"column":4},"end":{"line":6,"column":26}},"3":{"start":{"line":4,"column":13},"end":{"line":4,"column":23}},"4":{"start":{"line":4,"column":13},"end":{"line":8,"column":null}}},"fnMap":{"0":{"name":"(anonymous_1)","decl":{"start":{"line":5,"column":2},"end":{"line":5,"column":10}},"loc":{"start":{"line":5,"column":10},"end":{"line":7,"column":3}}}},"branchMap":{},"s":{"0":0,"1":0,"2":0,"3":0,"4":0},"f":{"0":0},"b":{}}
,"D:\\Mohamed\\Invygo task\\NestJs\\shopping-cart\\src\\main.ts": {"path":"D:\\Mohamed\\Invygo task\\NestJs\\shopping-cart\\src\\main.ts","statementMap":{"0":{"start":{"line":1,"column":0},"end":{"line":1,"column":43}},"1":{"start":{"line":2,"column":0},"end":{"line":2,"column":41}},"2":{"start":{"line":3,"column":0},"end":{"line":3,"column":48}},"3":{"start":{"line":6,"column":14},"end":{"line":6,"column":49}},"4":{"start":{"line":7,"column":2},"end":{"line":7,"column":43}},"5":{"start":{"line":8,"column":2},"end":{"line":8,"column":45}},"6":{"start":{"line":9,"column":2},"end":{"line":9,"column":66}},"7":{"start":{"line":11,"column":0},"end":{"line":11,"column":12}}},"fnMap":{"0":{"name":"bootstrap","decl":{"start":{"line":5,"column":15},"end":{"line":5,"column":24}},"loc":{"start":{"line":5,"column":24},"end":{"line":10,"column":1}}}},"branchMap":{"0":{"loc":{"start":{"line":8,"column":19},"end":{"line":8,"column":43}},"type":"binary-expr","locations":[{"start":{"line":8,"column":19},"end":{"line":8,"column":35}},{"start":{"line":8,"column":39},"end":{"line":8,"column":43}}]}},"s":{"0":0,"1":0,"2":0,"3":0,"4":0,"5":0,"6":0,"7":0},"f":{"0":0},"b":{"0":[0,0]}}
,"D:\\Mohamed\\Invygo task\\NestJs\\shopping-cart\\src\\core\\entities\\cart-item.entity.ts": {"path":"D:\\Mohamed\\Invygo task\\NestJs\\shopping-cart\\src\\core\\entities\\cart-item.entity.ts","statementMap":{"0":{"start":{"line":2,"column":0},"end":{"line":2,"column":76}},"1":{"start":{"line":3,"column":0},"end":{"line":3,"column":43}},"2":{"start":{"line":6,"column":7},"end":{"line":15,"column":null}},"3":{"start":{"line":6,"column":13},"end":{"line":6,"column":21}},"4":{"start":{"line":8,"column":2},"end":{"line":8,"column":null}},"5":{"start":{"line":11,"column":2},"end":{"line":11,"column":null}},"6":{"start":{"line":10,"column":19},"end":{"line":10,"column":26}},"7":{"start":{"line":14,"column":2},"end":{"line":14,"column":null}},"8":{"start":{"line":6,"column":13},"end":{"line":15,"column":null}}},"fnMap":{"0":{"name":"(anonymous_2)","decl":{"start":{"line":10,"column":13},"end":{"line":10,"column":16}},"loc":{"start":{"line":10,"column":19},"end":{"line":10,"column":26}}}},"branchMap":{},"s":{"0":0,"1":0,"2":0,"3":0,"4":0,"5":0,"6":0,"7":0,"8":0},"f":{"0":0},"b":{}}
,"D:\\Mohamed\\Invygo task\\NestJs\\shopping-cart\\src\\core\\entities\\product.entity.ts": {"path":"D:\\Mohamed\\Invygo task\\NestJs\\shopping-cart\\src\\core\\entities\\product.entity.ts","statementMap":{"0":{"start":{"line":2,"column":0},"end":{"line":2,"column":56}},"1":{"start":{"line":3,"column":0},"end":{"line":3,"column":77}},"2":{"start":{"line":6,"column":7},"end":{"line":28,"column":null}},"3":{"start":{"line":6,"column":13},"end":{"line":6,"column":20}},"4":{"start":{"line":11,"column":2},"end":{"line":11,"column":null}},"5":{"start":{"line":16,"column":2},"end":{"line":16,"column":null}},"6":{"start":{"line":22,"column":2},"end":{"line":22,"column":null}},"7":{"start":{"line":27,"column":2},"end":{"line":27,"column":null}},"8":{"start":{"line":6,"column":13},"end":{"line":28,"column":null}}},"fnMap":{},"branchMap":{},"s":{"0":0,"1":0,"2":0,"3":0,"4":0,"5":0,"6":0,"7":0,"8":0},"f":{},"b":{}}
,"D:\\Mohamed\\Invygo task\\NestJs\\shopping-cart\\src\\infrastructure\\db\\repositories\\cart.typeorm-repository.ts": {"path":"D:\\Mohamed\\Invygo task\\NestJs\\shopping-cart\\src\\infrastructure\\db\\repositories\\cart.typeorm-repository.ts","statementMap":{"0":{"start":{"line":2,"column":0},"end":{"line":2,"column":44}},"1":{"start":{"line":3,"column":0},"end":{"line":3,"column":51}},"2":{"start":{"line":4,"column":0},"end":{"line":4,"column":37}},"3":{"start":{"line":6,"column":0},"end":{"line":6,"column":62}},"4":{"start":{"line":9,"column":7},"end":{"line":46,"column":null}},"5":{"start":{"line":12,"column":21},"end":{"line":12,"column":33}},"6":{"start":{"line":16,"column":21},"end":{"line":18,"column":6}},"7":{"start":{"line":20,"column":4},"end":{"line":25,"column":5}},"8":{"start":{"line":21,"column":6},"end":{"line":21,"column":41}},"9":{"start":{"line":22,"column":6},"end":{"line":22,"column":43}},"10":{"start":{"line":24,"column":6},"end":{"line":24,"column":39}},"11":{"start":{"line":29,"column":4},"end":{"line":29,"column":65}},"12":{"start":{"line":33,"column":4},"end":{"line":33,"column":60}},"13":{"start":{"line":37,"column":4},"end":{"line":37,"column":34}},"14":{"start":{"line":41,"column":4},"end":{"line":44,"column":6}},"15":{"start":{"line":9,"column":13},"end":{"line":9,"column":34}},"16":{"start":{"line":9,"column":13},"end":{"line":46,"column":null}}},"fnMap":{"0":{"name":"(anonymous_4)","decl":{"start":{"line":10,"column":2},"end":{"line":10,"column":null}},"loc":{"start":{"line":12,"column":53},"end":{"line":13,"column":6}}},"1":{"name":"(anonymous_5)","decl":{"start":{"line":15,"column":2},"end":{"line":15,"column":7}},"loc":{"start":{"line":15,"column":30},"end":{"line":26,"column":3}}},"2":{"name":"(anonymous_6)","decl":{"start":{"line":28,"column":2},"end":{"line":28,"column":7}},"loc":{"start":{"line":28,"column":36},"end":{"line":30,"column":3}}},"3":{"name":"(anonymous_7)","decl":{"start":{"line":32,"column":2},"end":{"line":32,"column":7}},"loc":{"start":{"line":32,"column":16},"end":{"line":34,"column":3}}},"4":{"name":"(anonymous_8)","decl":{"start":{"line":36,"column":2},"end":{"line":36,"column":7}},"loc":{"start":{"line":36,"column":13},"end":{"line":38,"column":3}}},"5":{"name":"(anonymous_9)","decl":{"start":{"line":40,"column":2},"end":{"line":40,"column":7}},"loc":{"start":{"line":40,"column":58},"end":{"line":45,"column":3}}}},"branchMap":{"0":{"loc":{"start":{"line":20,"column":4},"end":{"line":25,"column":5}},"type":"if","locations":[{"start":{"line":20,"column":4},"end":{"line":25,"column":5}},{"start":{"line":23,"column":11},"end":{"line":25,"column":5}}]}},"s":{"0":0,"1":0,"2":0,"3":0,"4":0,"5":0,"6":0,"7":0,"8":0,"9":0,"10":0,"11":0,"12":0,"13":0,"14":0,"15":0,"16":0},"f":{"0":0,"1":0,"2":0,"3":0,"4":0,"5":0},"b":{"0":[0,0]}}
,"D:\\Mohamed\\Invygo task\\NestJs\\shopping-cart\\src\\infrastructure\\db\\repositories\\product.typeorm-repository.ts": {"path":"D:\\Mohamed\\Invygo task\\NestJs\\shopping-cart\\src\\infrastructure\\db\\repositories\\product.typeorm-repository.ts","statementMap":{"0":{"start":{"line":2,"column":0},"end":{"line":2,"column":44}},"1":{"start":{"line":3,"column":0},"end":{"line":3,"column":51}},"2":{"start":{"line":4,"column":0},"end":{"line":4,"column":37}},"3":{"start":{"line":5,"column":0},"end":{"line":5,"column":64}},"4":{"start":{"line":7,"column":0},"end":{"line":7,"column":30}},"5":{"start":{"line":10,"column":7},"end":{"line":37,"column":null}},"6":{"start":{"line":13,"column":21},"end":{"line":13,"column":33}},"7":{"start":{"line":17,"column":4},"end":{"line":17,"column":34}},"8":{"start":{"line":21,"column":13},"end":{"line":21,"column":32}},"9":{"start":{"line":22,"column":4},"end":{"line":22,"column":46}},"10":{"start":{"line":26,"column":4},"end":{"line":26,"column":27}},"11":{"start":{"line":27,"column":4},"end":{"line":27,"column":41}},"12":{"start":{"line":31,"column":4},"end":{"line":31,"column":46}},"13":{"start":{"line":35,"column":4},"end":{"line":35,"column":37}},"14":{"start":{"line":10,"column":13},"end":{"line":10,"column":37}},"15":{"start":{"line":10,"column":13},"end":{"line":37,"column":null}}},"fnMap":{"0":{"name":"(anonymous_4)","decl":{"start":{"line":11,"column":2},"end":{"line":11,"column":null}},"loc":{"start":{"line":13,"column":52},"end":{"line":14,"column":6}}},"1":{"name":"(anonymous_5)","decl":{"start":{"line":16,"column":2},"end":{"line":16,"column":7}},"loc":{"start":{"line":16,"column":15},"end":{"line":18,"column":3}}},"2":{"name":"(anonymous_6)","decl":{"start":{"line":20,"column":2},"end":{"line":20,"column":7}},"loc":{"start":{"line":20,"column":27},"end":{"line":23,"column":3}}},"3":{"name":"(anonymous_7)","decl":{"start":{"line":25,"column":2},"end":{"line":25,"column":7}},"loc":{"start":{"line":25,"column":31},"end":{"line":28,"column":3}}},"4":{"name":"(anonymous_8)","decl":{"start":{"line":30,"column":2},"end":{"line":30,"column":7}},"loc":{"start":{"line":30,"column":52},"end":{"line":32,"column":3}}},"5":{"name":"(anonymous_9)","decl":{"start":{"line":34,"column":2},"end":{"line":34,"column":7}},"loc":{"start":{"line":34,"column":25},"end":{"line":36,"column":3}}}},"branchMap":{},"s":{"0":0,"1":0,"2":0,"3":0,"4":0,"5":0,"6":0,"7":0,"8":0,"9":0,"10":0,"11":0,"12":0,"13":0,"14":0,"15":0},"f":{"0":0,"1":0,"2":0,"3":0,"4":0,"5":0},"b":{}}
,"D:\\Mohamed\\Invygo task\\NestJs\\shopping-cart\\src\\infrastructure\\db\\seeding\\seed.service.ts": {"path":"D:\\Mohamed\\Invygo task\\NestJs\\shopping-cart\\src\\infrastructure\\db\\seeding\\seed.service.ts","statementMap":{"0":{"start":{"line":2,"column":0},"end":{"line":2,"column":58}},"1":{"start":{"line":3,"column":0},"end":{"line":3,"column":51}},"2":{"start":{"line":4,"column":0},"end":{"line":4,"column":64}},"3":{"start":{"line":5,"column":0},"end":{"line":5,"column":37}},"4":{"start":{"line":6,"column":0},"end":{"line":6,"column":25}},"5":{"start":{"line":7,"column":0},"end":{"line":7,"column":29}},"6":{"start":{"line":10,"column":7},"end":{"line":39,"column":null}},"7":{"start":{"line":13,"column":21},"end":{"line":13,"column":40}},"8":{"start":{"line":17,"column":4},"end":{"line":17,"column":30}},"9":{"start":{"line":21,"column":18},"end":{"line":21,"column":54}},"10":{"start":{"line":22,"column":4},"end":{"line":25,"column":5}},"11":{"start":{"line":23,"column":6},"end":{"line":23,"column":62}},"12":{"start":{"line":24,"column":6},"end":{"line":24,"column":13}},"13":{"start":{"line":27,"column":24},"end":{"line":27,"column":53}},"14":{"start":{"line":28,"column":21},"end":{"line":28,"column":69}},"15":{"start":{"line":30,"column":4},"end":{"line":37,"column":5}},"16":{"start":{"line":31,"column":6},"end":{"line":33,"column":8}},"17":{"start":{"line":34,"column":6},"end":{"line":34,"column":69}},"18":{"start":{"line":36,"column":6},"end":{"line":36,"column":54}},"19":{"start":{"line":10,"column":13},"end":{"line":10,"column":24}},"20":{"start":{"line":10,"column":13},"end":{"line":39,"column":null}}},"fnMap":{"0":{"name":"(anonymous_4)","decl":{"start":{"line":11,"column":2},"end":{"line":11,"column":null}},"loc":{"start":{"line":13,"column":59},"end":{"line":14,"column":6}}},"1":{"name":"(anonymous_5)","decl":{"start":{"line":16,"column":2},"end":{"line":16,"column":7}},"loc":{"start":{"line":16,"column":20},"end":{"line":18,"column":3}}},"2":{"name":"(anonymous_6)","decl":{"start":{"line":20,"column":10},"end":{"line":20,"column":15}},"loc":{"start":{"line":20,"column":28},"end":{"line":38,"column":3}}}},"branchMap":{"0":{"loc":{"start":{"line":22,"column":4},"end":{"line":25,"column":5}},"type":"if","locations":[{"start":{"line":22,"column":4},"end":{"line":25,"column":5}}]}},"s":{"0":0,"1":0,"2":0,"3":0,"4":0,"5":0,"6":0,"7":0,"8":0,"9":0,"10":0,"11":0,"12":0,"13":0,"14":0,"15":0,"16":0,"17":0,"18":0,"19":0,"20":0},"f":{"0":0,"1":0,"2":0},"b":{"0":[0]}}
,"D:\\Mohamed\\Invygo task\\NestJs\\shopping-cart\\src\\modules\\cart\\cart-item.dto.ts": {"path":"D:\\Mohamed\\Invygo task\\NestJs\\shopping-cart\\src\\modules\\cart\\cart-item.dto.ts","statementMap":{"0":{"start":{"line":2,"column":0},"end":{"line":2,"column":13}}},"fnMap":{},"branchMap":{},"s":{"0":0},"f":{},"b":{}}
,"D:\\Mohamed\\Invygo task\\NestJs\\shopping-cart\\src\\modules\\cart\\cart.controller.ts": {"path":"D:\\Mohamed\\Invygo task\\NestJs\\shopping-cart\\src\\modules\\cart\\cart.controller.ts","statementMap":{"0":{"start":{"line":2,"column":0},"end":{"line":2,"column":76}},"1":{"start":{"line":3,"column":0},"end":{"line":3,"column":45}},"2":{"start":{"line":4,"column":0},"end":{"line":4,"column":60}},"3":{"start":{"line":7,"column":7},"end":{"line":59,"column":null}},"4":{"start":{"line":8,"column":31},"end":{"line":8,"column":44}},"5":{"start":{"line":8,"column":77},"end":{"line":8,"column":93}},"6":{"start":{"line":15,"column":4},"end":{"line":15,"column":73}},"7":{"start":{"line":16,"column":4},"end":{"line":16,"column":29}},"8":{"start":{"line":21,"column":4},"end":{"line":21,"column":46}},"9":{"start":{"line":26,"column":4},"end":{"line":26,"column":58}},"10":{"start":{"line":27,"column":4},"end":{"line":27,"column":29}},"11":{"start":{"line":34,"column":4},"end":{"line":34,"column":73}},"12":{"start":{"line":35,"column":4},"end":{"line":35,"column":29}},"13":{"start":{"line":40,"column":4},"end":{"line":40,"column":39}},"14":{"start":{"line":41,"column":4},"end":{"line":41,"column":29}},"15":{"start":{"line":48,"column":4},"end":{"line":50,"column":6}},"16":{"start":{"line":54,"column":25},"end":{"line":55,"column":null}},"17":{"start":{"line":57,"column":4},"end":{"line":57,"column":61}},"18":{"start":{"line":7,"column":13},"end":{"line":7,"column":27}},"19":{"start":{"line":12,"column":8},"end":{"line":17,"column":null}},"20":{"start":{"line":20,"column":8},"end":{"line":22,"column":null}},"21":{"start":{"line":25,"column":8},"end":{"line":28,"column":null}},"22":{"start":{"line":31,"column":8},"end":{"line":36,"column":null}},"23":{"start":{"line":39,"column":8},"end":{"line":42,"column":null}},"24":{"start":{"line":45,"column":8},"end":{"line":51,"column":null}},"25":{"start":{"line":53,"column":8},"end":{"line":58,"column":null}},"26":{"start":{"line":7,"column":13},"end":{"line":59,"column":null}}},"fnMap":{"0":{"name":"(anonymous_4)","decl":{"start":{"line":8,"column":2},"end":{"line":8,"column":31}},"loc":{"start":{"line":8,"column":107},"end":{"line":9,"column":6}}},"1":{"name":"(anonymous_5)","decl":{"start":{"line":12,"column":2},"end":{"line":12,"column":7}},"loc":{"start":{"line":13,"column":58},"end":{"line":17,"column":3}}},"2":{"name":"(anonymous_6)","decl":{"start":{"line":20,"column":2},"end":{"line":20,"column":7}},"loc":{"start":{"line":20,"column":15},"end":{"line":22,"column":3}}},"3":{"name":"(anonymous_7)","decl":{"start":{"line":25,"column":2},"end":{"line":25,"column":7}},"loc":{"start":{"line":25,"column":54},"end":{"line":28,"column":3}}},"4":{"name":"(anonymous_8)","decl":{"start":{"line":31,"column":2},"end":{"line":31,"column":7}},"loc":{"start":{"line":32,"column":57},"end":{"line":36,"column":3}}},"5":{"name":"(anonymous_9)","decl":{"start":{"line":39,"column":2},"end":{"line":39,"column":7}},"loc":{"start":{"line":39,"column":17},"end":{"line":42,"column":3}}},"6":{"name":"(anonymous_10)","decl":{"start":{"line":45,"column":2},"end":{"line":45,"column":7}},"loc":{"start":{"line":46,"column":49},"end":{"line":51,"column":3}}},"7":{"name":"(anonymous_11)","decl":{"start":{"line":53,"column":2},"end":{"line":53,"column":7}},"loc":{"start":{"line":53,"column":64},"end":{"line":58,"column":3}}}},"branchMap":{"0":{"loc":{"start":{"line":15,"column":53},"end":{"line":15,"column":71}},"type":"binary-expr","locations":[{"start":{"line":15,"column":53},"end":{"line":15,"column":66}},{"start":{"line":15,"column":70},"end":{"line":15,"column":71}}]},"1":{"loc":{"start":{"line":49,"column":6},"end":{"line":49,"column":58}},"type":"cond-expr","locations":[{"start":{"line":49,"column":27},"end":{"line":49,"column":53}},{"start":{"line":49,"column":56},"end":{"line":49,"column":58}}]},"2":{"loc":{"start":{"line":55,"column":6},"end":{"line":55,"column":58}},"type":"cond-expr","locations":[{"start":{"line":55,"column":27},"end":{"line":55,"column":53}},{"start":{"line":55,"column":56},"end":{"line":55,"column":58}}]}},"s":{"0":0,"1":0,"2":0,"3":0,"4":0,"5":0,"6":0,"7":0,"8":0,"9":0,"10":0,"11":0,"12":0,"13":0,"14":0,"15":0,"16":0,"17":0,"18":0,"19":0,"20":0,"21":0,"22":0,"23":0,"24":0,"25":0,"26":0},"f":{"0":0,"1":0,"2":0,"3":0,"4":0,"5":0,"6":0,"7":0},"b":{"0":[0,0],"1":[0,0],"2":[0,0]}}
,"D:\\Mohamed\\Invygo task\\NestJs\\shopping-cart\\src\\modules\\cart\\cart.module.ts": {"path":"D:\\Mohamed\\Invygo task\\NestJs\\shopping-cart\\src\\modules\\cart\\cart.module.ts","statementMap":{"0":{"start":{"line":2,"column":0},"end":{"line":2,"column":40}},"1":{"start":{"line":3,"column":0},"end":{"line":3,"column":48}},"2":{"start":{"line":5,"column":0},"end":{"line":5,"column":58}},"3":{"start":{"line":6,"column":0},"end":{"line":6,"column":45}},"4":{"start":{"line":8,"column":0},"end":{"line":8,"column":101}},"5":{"start":{"line":9,"column":0},"end":{"line":9,"column":62}},"6":{"start":{"line":10,"column":0},"end":{"line":10,"column":51}},"7":{"start":{"line":11,"column":0},"end":{"line":11,"column":60}},"8":{"start":{"line":30,"column":7},"end":{"line":30,"column":null}},"9":{"start":{"line":30,"column":13},"end":{"line":30,"column":23}},"10":{"start":{"line":30,"column":13},"end":{"line":30,"column":null}}},"fnMap":{},"branchMap":{},"s":{"0":0,"1":0,"2":0,"3":0,"4":0,"5":0,"6":0,"7":0,"8":0,"9":0,"10":0},"f":{},"b":{}}
,"D:\\Mohamed\\Invygo task\\NestJs\\shopping-cart\\src\\modules\\cart\\cart.service.ts": {"path":"D:\\Mohamed\\Invygo task\\NestJs\\shopping-cart\\src\\modules\\cart\\cart.service.ts","statementMap":{"0":{"start":{"line":2,"column":0},"end":{"line":2,"column":52}},"1":{"start":{"line":4,"column":0},"end":{"line":4,"column":60}},"2":{"start":{"line":5,"column":0},"end":{"line":5,"column":62}},"3":{"start":{"line":11,"column":7},"end":{"line":138,"column":null}},"4":{"start":{"line":12,"column":33},"end":{"line":16,"column":8}},"5":{"start":{"line":21,"column":21},"end":{"line":21,"column":52}},"6":{"start":{"line":22,"column":21},"end":{"line":22,"column":37}},"7":{"start":{"line":26,"column":20},"end":{"line":26,"column":79}},"8":{"start":{"line":27,"column":4},"end":{"line":27,"column":55}},"9":{"start":{"line":27,"column":18},"end":{"line":27,"column":55}},"10":{"start":{"line":29,"column":17},"end":{"line":29,"column":31}},"11":{"start":{"line":30,"column":4},"end":{"line":30,"column":27}},"12":{"start":{"line":31,"column":4},"end":{"line":31,"column":29}},"13":{"start":{"line":33,"column":4},"end":{"line":33,"column":44}},"14":{"start":{"line":37,"column":4},"end":{"line":37,"column":42}},"15":{"start":{"line":41,"column":4},"end":{"line":41,"column":52}},"16":{"start":{"line":45,"column":4},"end":{"line":49,"column":5}},"17":{"start":{"line":46,"column":6},"end":{"line":46,"column":43}},"18":{"start":{"line":48,"column":6},"end":{"line":48,"column":68}},"19":{"start":{"line":53,"column":4},"end":{"line":53,"column":38}},"20":{"start":{"line":64,"column":18},"end":{"line":64,"column":54}},"21":{"start":{"line":66,"column":21},"end":{"line":68,"column":null}},"22":{"start":{"line":67,"column":21},"end":{"line":67,"column":63}},"23":{"start":{"line":71,"column":21},"end":{"line":71,"column":73}},"24":{"start":{"line":73,"column":32},"end":{"line":73,"column":58}},"25":{"start":{"line":75,"column":18},"end":{"line":75,"column":48}},"26":{"start":{"line":77,"column":4},"end":{"line":87,"column":6}},"27":{"start":{"line":91,"column":4},"end":{"line":93,"column":5}},"28":{"start":{"line":92,"column":6},"end":{"line":92,"column":71}},"29":{"start":{"line":94,"column":4},"end":{"line":94,"column":58}},"30":{"start":{"line":101,"column":52},"end":{"line":101,"column":54}},"31":{"start":{"line":103,"column":4},"end":{"line":110,"column":7}},"32":{"start":{"line":104,"column":23},"end":{"line":104,"column":58}},"33":{"start":{"line":106,"column":19},"end":{"line":106,"column":48}},"34":{"start":{"line":107,"column":24},"end":{"line":107,"column":65}},"35":{"start":{"line":109,"column":6},"end":{"line":109,"column":79}},"36":{"start":{"line":112,"column":18},"end":{"line":117,"column":7}},"37":{"start":{"line":112,"column":79},"end":{"line":117,"column":6}},"38":{"start":{"line":119,"column":21},"end":{"line":119,"column":68}},"39":{"start":{"line":119,"column":48},"end":{"line":119,"column":64}},"40":{"start":{"line":121,"column":4},"end":{"line":121,"column":31}},"41":{"start":{"line":125,"column":4},"end":{"line":125,"column":41}},"42":{"start":{"line":129,"column":4},"end":{"line":136,"column":6}},"43":{"start":{"line":11,"column":13},"end":{"line":11,"column":24}},"44":{"start":{"line":11,"column":13},"end":{"line":138,"column":null}}},"fnMap":{"0":{"name":"(anonymous_4)","decl":{"start":{"line":17,"column":2},"end":{"line":17,"column":null}},"loc":{"start":{"line":22,"column":51},"end":{"line":23,"column":6}}},"1":{"name":"(anonymous_5)","decl":{"start":{"line":25,"column":2},"end":{"line":25,"column":7}},"loc":{"start":{"line":25,"column":57},"end":{"line":34,"column":3}}},"2":{"name":"(anonymous_6)","decl":{"start":{"line":36,"column":2},"end":{"line":36,"column":7}},"loc":{"start":{"line":36,"column":23},"end":{"line":38,"column":3}}},"3":{"name":"(anonymous_7)","decl":{"start":{"line":40,"column":2},"end":{"line":40,"column":7}},"loc":{"start":{"line":40,"column":40},"end":{"line":42,"column":3}}},"4":{"name":"(anonymous_8)","decl":{"start":{"line":44,"column":2},"end":{"line":44,"column":7}},"loc":{"start":{"line":44,"column":58},"end":{"line":50,"column":3}}},"5":{"name":"(anonymous_9)","decl":{"start":{"line":52,"column":2},"end":{"line":52,"column":7}},"loc":{"start":{"line":52,"column":17},"end":{"line":54,"column":3}}},"6":{"name":"(anonymous_10)","decl":{"start":{"line":55,"column":2},"end":{"line":55,"column":7}},"loc":{"start":{"line":55,"column":59},"end":{"line":88,"column":3}}},"7":{"name":"(anonymous_11)","decl":{"start":{"line":67,"column":6},"end":{"line":67,"column":7}},"loc":{"start":{"line":67,"column":21},"end":{"line":67,"column":63}}},"8":{"name":"(anonymous_12)","decl":{"start":{"line":90,"column":10},"end":{"line":90,"column":27}},"loc":{"start":{"line":90,"column":64},"end":{"line":95,"column":3}}},"9":{"name":"(anonymous_13)","decl":{"start":{"line":97,"column":10},"end":{"line":97,"column":24}},"loc":{"start":{"line":97,"column":42},"end":{"line":122,"column":3}}},"10":{"name":"(anonymous_14)","decl":{"start":{"line":103,"column":18},"end":{"line":103,"column":22}},"loc":{"start":{"line":103,"column":25},"end":{"line":110,"column":5}}},"11":{"name":"(anonymous_15)","decl":{"start":{"line":112,"column":54},"end":{"line":112,"column":55}},"loc":{"start":{"line":112,"column":79},"end":{"line":117,"column":6}}},"12":{"name":"(anonymous_16)","decl":{"start":{"line":119,"column":34},"end":{"line":119,"column":35}},"loc":{"start":{"line":119,"column":48},"end":{"line":119,"column":64}}},"13":{"name":"(anonymous_17)","decl":{"start":{"line":124,"column":10},"end":{"line":124,"column":20}},"loc":{"start":{"line":124,"column":34},"end":{"line":126,"column":3}}},"14":{"name":"(anonymous_18)","decl":{"start":{"line":128,"column":10},"end":{"line":128,"column":26}},"loc":{"start":{"line":128,"column":41},"end":{"line":137,"column":3}}}},"branchMap":{"0":{"loc":{"start":{"line":25,"column":37},"end":{"line":25,"column":57}},"type":"default-arg","locations":[{"start":{"line":25,"column":56},"end":{"line":25,"column":57}}]},"1":{"loc":{"start":{"line":27,"column":4},"end":{"line":27,"column":55}},"type":"if","locations":[{"start":{"line":27,"column":4},"end":{"line":27,"column":55}}]},"2":{"loc":{"start":{"line":45,"column":4},"end":{"line":49,"column":5}},"type":"if","locations":[{"start":{"line":45,"column":4},"end":{"line":49,"column":5}},{"start":{"line":47,"column":11},"end":{"line":49,"column":5}}]},"3":{"loc":{"start":{"line":55,"column":28},"end":{"line":55,"column":59}},"type":"default-arg","locations":[{"start":{"line":55,"column":57},"end":{"line":55,"column":59}}]},"4":{"loc":{"start":{"line":91,"column":4},"end":{"line":93,"column":5}},"type":"if","locations":[{"start":{"line":91,"column":4},"end":{"line":93,"column":5}}]},"5":{"loc":{"start":{"line":91,"column":8},"end":{"line":91,"column":42}},"type":"binary-expr","locations":[{"start":{"line":91,"column":8},"end":{"line":91,"column":22}},{"start":{"line":91,"column":26},"end":{"line":91,"column":42}}]},"6":{"loc":{"start":{"line":106,"column":19},"end":{"line":106,"column":48}},"type":"binary-expr","locations":[{"start":{"line":106,"column":19},"end":{"line":106,"column":43}},{"start":{"line":106,"column":47},"end":{"line":106,"column":48}}]},"7":{"loc":{"start":{"line":109,"column":35},"end":{"line":109,"column":65}},"type":"binary-expr","locations":[{"start":{"line":109,"column":35},"end":{"line":109,"column":60}},{"start":{"line":109,"column":64},"end":{"line":109,"column":65}}]}},"s":{"0":0,"1":0,"2":0,"3":0,"4":0,"5":0,"6":0,"7":0,"8":0,"9":0,"10":0,"11":0,"12":0,"13":0,"14":0,"15":0,"16":0,"17":0,"18":0,"19":0,"20":0,"21":0,"22":0,"23":0,"24":0,"25":0,"26":0,"27":0,"28":0,"29":0,"30":0,"31":0,"32":0,"33":0,"34":0,"35":0,"36":0,"37":0,"38":0,"39":0,"40":0,"41":0,"42":0,"43":0,"44":0},"f":{"0":0,"1":0,"2":0,"3":0,"4":0,"5":0,"6":0,"7":0,"8":0,"9":0,"10":0,"11":0,"12":0,"13":0,"14":0},"b":{"0":[0],"1":[0],"2":[0,0],"3":[0],"4":[0],"5":[0,0],"6":[0,0],"7":[0,0]}}
,"D:\\Mohamed\\Invygo task\\NestJs\\shopping-cart\\src\\modules\\cart\\totals.dto.ts": {"path":"D:\\Mohamed\\Invygo task\\NestJs\\shopping-cart\\src\\modules\\cart\\totals.dto.ts","statementMap":{"0":{"start":{"line":2,"column":0},"end":{"line":2,"column":13}}},"fnMap":{},"branchMap":{},"s":{"0":0},"f":{},"b":{}}
,"D:\\Mohamed\\Invygo task\\NestJs\\shopping-cart\\src\\modules\\product\\product.controller.ts": {"path":"D:\\Mohamed\\Invygo task\\NestJs\\shopping-cart\\src\\modules\\product\\product.controller.ts","statementMap":{"0":{"start":{"line":4,"column":0},"end":{"line":4,"column":null}},"1":{"start":{"line":13,"column":0},"end":{"line":13,"column":51}},"2":{"start":{"line":15,"column":0},"end":{"line":15,"column":67}},"3":{"start":{"line":16,"column":0},"end":{"line":16,"column":39}},"4":{"start":{"line":20,"column":7},"end":{"line":51,"column":null}},"5":{"start":{"line":21,"column":31},"end":{"line":21,"column":47}},"6":{"start":{"line":25,"column":4},"end":{"line":25,"column":48}},"7":{"start":{"line":30,"column":4},"end":{"line":30,"column":50}},"8":{"start":{"line":35,"column":4},"end":{"line":35,"column":13}},"9":{"start":{"line":36,"column":4},"end":{"line":36,"column":58}},"10":{"start":{"line":44,"column":4},"end":{"line":44,"column":58}},"11":{"start":{"line":49,"column":4},"end":{"line":49,"column":49}},"12":{"start":{"line":20,"column":13},"end":{"line":20,"column":30}},"13":{"start":{"line":24,"column":8},"end":{"line":26,"column":null}},"14":{"start":{"line":29,"column":8},"end":{"line":31,"column":null}},"15":{"start":{"line":34,"column":8},"end":{"line":37,"column":null}},"16":{"start":{"line":40,"column":8},"end":{"line":45,"column":null}},"17":{"start":{"line":48,"column":8},"end":{"line":50,"column":null}},"18":{"start":{"line":20,"column":13},"end":{"line":51,"column":null}}},"fnMap":{"0":{"name":"(anonymous_4)","decl":{"start":{"line":21,"column":2},"end":{"line":21,"column":31}},"loc":{"start":{"line":21,"column":61},"end":{"line":21,"column":65}}},"1":{"name":"(anonymous_5)","decl":{"start":{"line":24,"column":2},"end":{"line":24,"column":7}},"loc":{"start":{"line":24,"column":22},"end":{"line":26,"column":3}}},"2":{"name":"(anonymous_6)","decl":{"start":{"line":29,"column":2},"end":{"line":29,"column":7}},"loc":{"start":{"line":29,"column":42},"end":{"line":31,"column":3}}},"3":{"name":"(anonymous_7)","decl":{"start":{"line":34,"column":2},"end":{"line":34,"column":7}},"loc":{"start":{"line":34,"column":59},"end":{"line":37,"column":3}}},"4":{"name":"(anonymous_8)","decl":{"start":{"line":40,"column":2},"end":{"line":40,"column":7}},"loc":{"start":{"line":42,"column":37},"end":{"line":45,"column":3}}},"5":{"name":"(anonymous_9)","decl":{"start":{"line":48,"column":2},"end":{"line":48,"column":7}},"loc":{"start":{"line":48,"column":45},"end":{"line":50,"column":3}}}},"branchMap":{},"s":{"0":0,"1":0,"2":0,"3":0,"4":0,"5":0,"6":0,"7":0,"8":0,"9":0,"10":0,"11":0,"12":0,"13":0,"14":0,"15":0,"16":0,"17":0,"18":0},"f":{"0":0,"1":0,"2":0,"3":0,"4":0,"5":0},"b":{}}
,"D:\\Mohamed\\Invygo task\\NestJs\\shopping-cart\\src\\modules\\product\\product.dto.ts": {"path":"D:\\Mohamed\\Invygo task\\NestJs\\shopping-cart\\src\\modules\\product\\product.dto.ts","statementMap":{"0":{"start":{"line":2,"column":0},"end":{"line":2,"column":77}},"1":{"start":{"line":4,"column":0},"end":{"line":4,"column":13}},"2":{"start":{"line":8,"column":2},"end":{"line":8,"column":null}},"3":{"start":{"line":12,"column":2},"end":{"line":12,"column":null}},"4":{"start":{"line":16,"column":2},"end":{"line":16,"column":null}},"5":{"start":{"line":19,"column":0},"end":{"line":19,"column":13}},"6":{"start":{"line":22,"column":2},"end":{"line":22,"column":null}},"7":{"start":{"line":26,"column":2},"end":{"line":26,"column":null}},"8":{"start":{"line":30,"column":2},"end":{"line":30,"column":null}}},"fnMap":{},"branchMap":{},"s":{"0":0,"1":0,"2":0,"3":0,"4":0,"5":0,"6":0,"7":0,"8":0},"f":{},"b":{}}
,"D:\\Mohamed\\Invygo task\\NestJs\\shopping-cart\\src\\modules\\product\\product.module.ts": {"path":"D:\\Mohamed\\Invygo task\\NestJs\\shopping-cart\\src\\modules\\product\\product.module.ts","statementMap":{"0":{"start":{"line":3,"column":0},"end":{"line":3,"column":40}},"1":{"start":{"line":4,"column":0},"end":{"line":4,"column":48}},"2":{"start":{"line":5,"column":0},"end":{"line":5,"column":61}},"3":{"start":{"line":6,"column":0},"end":{"line":6,"column":107}},"4":{"start":{"line":7,"column":0},"end":{"line":7,"column":51}},"5":{"start":{"line":8,"column":0},"end":{"line":8,"column":57}},"6":{"start":{"line":9,"column":0},"end":{"line":9,"column":73}},"7":{"start":{"line":28,"column":7},"end":{"line":28,"column":null}},"8":{"start":{"line":28,"column":13},"end":{"line":28,"column":26}},"9":{"start":{"line":28,"column":13},"end":{"line":28,"column":null}}},"fnMap":{},"branchMap":{},"s":{"0":0,"1":0,"2":0,"3":0,"4":0,"5":0,"6":0,"7":0,"8":0,"9":0},"f":{},"b":{}}
,"D:\\Mohamed\\Invygo task\\NestJs\\shopping-cart\\src\\modules\\product\\product.service.ts": {"path":"D:\\Mohamed\\Invygo task\\NestJs\\shopping-cart\\src\\modules\\product\\product.service.ts","statementMap":{"0":{"start":{"line":2,"column":0},"end":{"line":2,"column":52}},"1":{"start":{"line":4,"column":0},"end":{"line":4,"column":61}},"2":{"start":{"line":5,"column":0},"end":{"line":5,"column":30}},"3":{"start":{"line":8,"column":7},"end":{"line":39,"column":null}},"4":{"start":{"line":11,"column":21},"end":{"line":11,"column":58}},"5":{"start":{"line":15,"column":4},"end":{"line":15,"column":44}},"6":{"start":{"line":19,"column":4},"end":{"line":19,"column":47}},"7":{"start":{"line":23,"column":20},"end":{"line":23,"column":33}},"8":{"start":{"line":24,"column":4},"end":{"line":24,"column":40}},"9":{"start":{"line":25,"column":4},"end":{"line":25,"column":41}},"10":{"start":{"line":26,"column":4},"end":{"line":26,"column":50}},"11":{"start":{"line":33,"column":4},"end":{"line":33,"column":53}},"12":{"start":{"line":37,"column":4},"end":{"line":37,"column":44}},"13":{"start":{"line":8,"column":13},"end":{"line":8,"column":27}},"14":{"start":{"line":8,"column":13},"end":{"line":39,"column":null}}},"fnMap":{"0":{"name":"(anonymous_4)","decl":{"start":{"line":9,"column":2},"end":{"line":9,"column":null}},"loc":{"start":{"line":11,"column":58},"end":{"line":12,"column":6}}},"1":{"name":"(anonymous_5)","decl":{"start":{"line":14,"column":2},"end":{"line":14,"column":7}},"loc":{"start":{"line":14,"column":22},"end":{"line":16,"column":3}}},"2":{"name":"(anonymous_6)","decl":{"start":{"line":18,"column":2},"end":{"line":18,"column":7}},"loc":{"start":{"line":18,"column":33},"end":{"line":20,"column":3}}},"3":{"name":"(anonymous_7)","decl":{"start":{"line":22,"column":2},"end":{"line":22,"column":7}},"loc":{"start":{"line":22,"column":54},"end":{"line":27,"column":3}}},"4":{"name":"(anonymous_8)","decl":{"start":{"line":29,"column":2},"end":{"line":29,"column":7}},"loc":{"start":{"line":31,"column":41},"end":{"line":34,"column":3}}},"5":{"name":"(anonymous_9)","decl":{"start":{"line":36,"column":2},"end":{"line":36,"column":7}},"loc":{"start":{"line":36,"column":32},"end":{"line":38,"column":3}}}},"branchMap":{},"s":{"0":0,"1":0,"2":0,"3":0,"4":0,"5":0,"6":0,"7":0,"8":0,"9":0,"10":0,"11":0,"12":0,"13":0,"14":0},"f":{"0":0,"1":0,"2":0,"3":0,"4":0,"5":0},"b":{}}
,"D:\\Mohamed\\Invygo task\\NestJs\\shopping-cart\\src\\modules\\receipt\\receipt.service.ts": {"path":"D:\\Mohamed\\Invygo task\\NestJs\\shopping-cart\\src\\modules\\receipt\\receipt.service.ts","statementMap":{"0":{"start":{"line":2,"column":0},"end":{"line":2,"column":44}},"1":{"start":{"line":6,"column":7},"end":{"line":35,"column":null}},"2":{"start":{"line":8,"column":18},"end":{"line":8,"column":47}},"3":{"start":{"line":9,"column":4},"end":{"line":9,"column":26}},"4":{"start":{"line":11,"column":4},"end":{"line":14,"column":7}},"5":{"start":{"line":13,"column":6},"end":{"line":13,"column":126}},"6":{"start":{"line":16,"column":4},"end":{"line":16,"column":62}},"7":{"start":{"line":18,"column":4},"end":{"line":18,"column":120}},"8":{"start":{"line":20,"column":4},"end":{"line":20,"column":28}},"9":{"start":{"line":21,"column":4},"end":{"line":25,"column":7}},"10":{"start":{"line":22,"column":6},"end":{"line":24,"column":7}},"11":{"start":{"line":23,"column":8},"end":{"line":23,"column":100}},"12":{"start":{"line":28,"column":4},"end":{"line":28,"column":42}},"13":{"start":{"line":29,"column":4},"end":{"line":29,"column":54}},"14":{"start":{"line":30,"column":4},"end":{"line":30,"column":40}},"15":{"start":{"line":31,"column":4},"end":{"line":31,"column":49}},"16":{"start":{"line":33,"column":4},"end":{"line":33,"column":19}},"17":{"start":{"line":6,"column":13},"end":{"line":6,"column":27}},"18":{"start":{"line":6,"column":13},"end":{"line":35,"column":null}}},"fnMap":{"0":{"name":"(anonymous_1)","decl":{"start":{"line":7,"column":2},"end":{"line":7,"column":17}},"loc":{"start":{"line":7,"column":39},"end":{"line":34,"column":3}}},"1":{"name":"(anonymous_2)","decl":{"start":{"line":11,"column":25},"end":{"line":11,"column":29}},"loc":{"start":{"line":11,"column":32},"end":{"line":14,"column":5}}},"2":{"name":"(anonymous_3)","decl":{"start":{"line":21,"column":25},"end":{"line":21,"column":28}},"loc":{"start":{"line":21,"column":31},"end":{"line":25,"column":5}}}},"branchMap":{"0":{"loc":{"start":{"line":22,"column":6},"end":{"line":24,"column":7}},"type":"if","locations":[{"start":{"line":22,"column":6},"end":{"line":24,"column":7}}]}},"s":{"0":1,"1":1,"2":1,"3":1,"4":1,"5":3,"6":1,"7":1,"8":1,"9":1,"10":3,"11":3,"12":1,"13":1,"14":1,"15":1,"16":1,"17":1,"18":1},"f":{"0":1,"1":3,"2":3},"b":{"0":[3]}}
,"D:\\Mohamed\\Invygo task\\NestJs\\shopping-cart\\src\\shared\\discount.service.ts": {"path":"D:\\Mohamed\\Invygo task\\NestJs\\shopping-cart\\src\\shared\\discount.service.ts","statementMap":{"0":{"start":{"line":1,"column":0},"end":{"line":1,"column":44}},"1":{"start":{"line":4,"column":7},"end":{"line":11,"column":null}},"2":{"start":{"line":6,"column":4},"end":{"line":8,"column":5}},"3":{"start":{"line":7,"column":6},"end":{"line":7,"column":53}},"4":{"start":{"line":9,"column":4},"end":{"line":9,"column":39}},"5":{"start":{"line":4,"column":13},"end":{"line":4,"column":28}},"6":{"start":{"line":4,"column":13},"end":{"line":11,"column":null}}},"fnMap":{"0":{"name":"(anonymous_1)","decl":{"start":{"line":5,"column":2},"end":{"line":5,"column":19}},"loc":{"start":{"line":5,"column":54},"end":{"line":10,"column":3}}}},"branchMap":{"0":{"loc":{"start":{"line":6,"column":4},"end":{"line":8,"column":5}},"type":"if","locations":[{"start":{"line":6,"column":4},"end":{"line":8,"column":5}}]},"1":{"loc":{"start":{"line":6,"column":8},"end":{"line":6,"column":42}},"type":"binary-expr","locations":[{"start":{"line":6,"column":8},"end":{"line":6,"column":22}},{"start":{"line":6,"column":26},"end":{"line":6,"column":42}}]}},"s":{"0":0,"1":0,"2":0,"3":0,"4":0,"5":0,"6":0},"f":{"0":0},"b":{"0":[0],"1":[0,0]}}
,"D:\\Mohamed\\Invygo task\\NestJs\\shopping-cart\\src\\shared\\tax.service.ts": {"path":"D:\\Mohamed\\Invygo task\\NestJs\\shopping-cart\\src\\shared\\tax.service.ts","statementMap":{"0":{"start":{"line":1,"column":0},"end":{"line":1,"column":44}},"1":{"start":{"line":5,"column":7},"end":{"line":27,"column":null}},"2":{"start":{"line":6,"column":54},"end":{"line":10,"column":4}},"3":{"start":{"line":13,"column":42},"end":{"line":13,"column":44}},"4":{"start":{"line":15,"column":4},"end":{"line":20,"column":7}},"5":{"start":{"line":16,"column":23},"end":{"line":16,"column":58}},"6":{"start":{"line":17,"column":19},"end":{"line":17,"column":47}},"7":{"start":{"line":18,"column":24},"end":{"line":18,"column":65}},"8":{"start":{"line":19,"column":6},"end":{"line":19,"column":59}},"9":{"start":{"line":22,"column":4},"end":{"line":25,"column":8}},"10":{"start":{"line":22,"column":62},"end":{"line":25,"column":6}},"11":{"start":{"line":5,"column":13},"end":{"line":5,"column":23}},"12":{"start":{"line":5,"column":13},"end":{"line":27,"column":null}}},"fnMap":{"0":{"name":"(anonymous_1)","decl":{"start":{"line":12,"column":2},"end":{"line":12,"column":14}},"loc":{"start":{"line":12,"column":32},"end":{"line":26,"column":3}}},"1":{"name":"(anonymous_2)","decl":{"start":{"line":15,"column":18},"end":{"line":15,"column":22}},"loc":{"start":{"line":15,"column":25},"end":{"line":20,"column":5}}},"2":{"name":"(anonymous_3)","decl":{"start":{"line":22,"column":37},"end":{"line":22,"column":38}},"loc":{"start":{"line":22,"column":62},"end":{"line":25,"column":6}}}},"branchMap":{"0":{"loc":{"start":{"line":17,"column":19},"end":{"line":17,"column":47}},"type":"binary-expr","locations":[{"start":{"line":17,"column":19},"end":{"line":17,"column":42}},{"start":{"line":17,"column":46},"end":{"line":17,"column":47}}]},"1":{"loc":{"start":{"line":19,"column":25},"end":{"line":19,"column":45}},"type":"binary-expr","locations":[{"start":{"line":19,"column":25},"end":{"line":19,"column":40}},{"start":{"line":19,"column":44},"end":{"line":19,"column":45}}]}},"s":{"0":0,"1":0,"2":0,"3":0,"4":0,"5":0,"6":0,"7":0,"8":0,"9":0,"10":0,"11":0,"12":0},"f":{"0":0,"1":0,"2":0},"b":{"0":[0,0],"1":[0,0]}}
}
